2020-09-24 02:09:34.668  INFO 11116 --- [restartedMain] c.v.d.jpa.SprintBootRestDemoApplication  : Starting SprintBootRestDemoApplication on Vijayaraghavans-MacBook-Air.local with PID 11116 (/Users/vijay/Documents/workspace-sts/SprintBootJPADemo/build/classes/java/main started by vijay in /Users/vijay/Documents/workspace-sts/SprintBootJPADemo)
2020-09-24 02:09:34.673 DEBUG 11116 --- [restartedMain] c.v.d.jpa.SprintBootRestDemoApplication  : Running with Spring Boot v2.3.4.RELEASE, Spring v5.2.9.RELEASE
2020-09-24 02:09:34.674  INFO 11116 --- [restartedMain] c.v.d.jpa.SprintBootRestDemoApplication  : No active profile set, falling back to default profiles: default
2020-09-24 02:09:38.100  INFO 11116 --- [restartedMain] c.v.d.jpa.SprintBootRestDemoApplication  : Started SprintBootRestDemoApplication in 3.972 seconds (JVM running for 4.822)
2020-09-24 02:09:43.570 DEBUG 11116 --- [http-nio-8080-exec-1] c.v.demo.jpa.LoggingAdvice               : class com.vijayforvictory.demo.jpa.controller.UserController : listUsers()arguments : []
2020-09-24 02:09:43.576 DEBUG 11116 --- [http-nio-8080-exec-1] c.v.demo.jpa.LoggingAdvice               : public java.lang.String com.vijayforvictory.demo.jpa.controller.UserController.listUsers()
2020-09-24 02:09:43.582 DEBUG 11116 --- [http-nio-8080-exec-1] c.v.demo.jpa.LoggingAdvice               : class com.vijayforvictory.demo.jpa.service.UserService : getUsers()arguments : []
2020-09-24 02:09:43.587 DEBUG 11116 --- [http-nio-8080-exec-1] c.v.demo.jpa.LoggingAdvice               : class com.sun.proxy.$Proxy102 : findAll()arguments : []
2020-09-24 02:09:43.763 DEBUG 11116 --- [http-nio-8080-exec-1] c.v.demo.jpa.LoggingAdvice               : class com.sun.proxy.$Proxy102 : findAll()Response : [{"id":1,"firstName":"Super Star","surname":"Rajnikanth","location":"India"},{"id":2,"firstName":"James","surname":"Bond","location":"UK"},{"id":3,"firstName":"Maximus","surname":"Decimus Meridius","location":"Spain"},{"id":4,"firstName":"Captain","surname":"America","location":"USA"}]
2020-09-24 02:09:43.764 DEBUG 11116 --- [http-nio-8080-exec-1] c.v.demo.jpa.LoggingAdvice               : class com.vijayforvictory.demo.jpa.service.UserService : getUsers()Response : [{"id":1,"firstName":"Super Star","surname":"Rajnikanth","location":"India"},{"id":2,"firstName":"James","surname":"Bond","location":"UK"},{"id":3,"firstName":"Maximus","surname":"Decimus Meridius","location":"Spain"},{"id":4,"firstName":"Captain","surname":"America","location":"USA"}]
2020-09-24 02:09:43.766  INFO 11116 --- [http-nio-8080-exec-1] c.v.demo.jpa.LoggingAdvice               : Time Taken by execution(String com.vijayforvictory.demo.jpa.controller.UserController.listUsers()) is 190
2020-09-24 02:09:43.767 DEBUG 11116 --- [http-nio-8080-exec-1] c.v.demo.jpa.LoggingAdvice               : class com.vijayforvictory.demo.jpa.controller.UserController : listUsers()Response : null
2020-09-24 02:10:01.068 DEBUG 11116 --- [http-nio-8080-exec-2] c.v.demo.jpa.LoggingAdvice               : class com.vijayforvictory.demo.jpa.controller.UserController : listUsers()arguments : []
2020-09-24 02:10:01.068 DEBUG 11116 --- [http-nio-8080-exec-2] c.v.demo.jpa.LoggingAdvice               : public java.lang.String com.vijayforvictory.demo.jpa.controller.UserController.listUsers()
2020-09-24 02:10:01.069 DEBUG 11116 --- [http-nio-8080-exec-2] c.v.demo.jpa.LoggingAdvice               : class com.vijayforvictory.demo.jpa.service.UserService : getUsers()arguments : []
2020-09-24 02:10:01.070 DEBUG 11116 --- [http-nio-8080-exec-2] c.v.demo.jpa.LoggingAdvice               : class com.sun.proxy.$Proxy102 : findAll()arguments : []
2020-09-24 02:10:01.079 DEBUG 11116 --- [http-nio-8080-exec-2] c.v.demo.jpa.LoggingAdvice               : class com.sun.proxy.$Proxy102 : findAll()Response : [{"id":1,"firstName":"Super Star","surname":"Rajnikanth","location":"India"},{"id":2,"firstName":"James","surname":"Bond","location":"UK"},{"id":3,"firstName":"Maximus","surname":"Decimus Meridius","location":"Spain"},{"id":4,"firstName":"Captain","surname":"America","location":"USA"}]
2020-09-24 02:10:01.081 DEBUG 11116 --- [http-nio-8080-exec-2] c.v.demo.jpa.LoggingAdvice               : class com.vijayforvictory.demo.jpa.service.UserService : getUsers()Response : [{"id":1,"firstName":"Super Star","surname":"Rajnikanth","location":"India"},{"id":2,"firstName":"James","surname":"Bond","location":"UK"},{"id":3,"firstName":"Maximus","surname":"Decimus Meridius","location":"Spain"},{"id":4,"firstName":"Captain","surname":"America","location":"USA"}]
2020-09-24 02:10:01.082  INFO 11116 --- [http-nio-8080-exec-2] c.v.demo.jpa.LoggingAdvice               : Time Taken by execution(String com.vijayforvictory.demo.jpa.controller.UserController.listUsers()) is 14
2020-09-24 02:10:01.082 DEBUG 11116 --- [http-nio-8080-exec-2] c.v.demo.jpa.LoggingAdvice               : class com.vijayforvictory.demo.jpa.controller.UserController : listUsers()Response : null
2020-09-24 02:13:00.734  INFO 11123 --- [restartedMain] c.v.d.jpa.SprintBootRestDemoApplication  : Starting SprintBootRestDemoApplication on Vijayaraghavans-MacBook-Air.local with PID 11123 (/Users/vijay/Documents/workspace-sts/SprintBootJPADemo/build/classes/java/main started by vijay in /Users/vijay/Documents/workspace-sts/SprintBootJPADemo)
2020-09-24 02:13:00.738 DEBUG 11123 --- [restartedMain] c.v.d.jpa.SprintBootRestDemoApplication  : Running with Spring Boot v2.3.4.RELEASE, Spring v5.2.9.RELEASE
2020-09-24 02:13:00.739  INFO 11123 --- [restartedMain] c.v.d.jpa.SprintBootRestDemoApplication  : No active profile set, falling back to default profiles: default
2020-09-24 02:13:04.574  INFO 11123 --- [restartedMain] c.v.d.jpa.SprintBootRestDemoApplication  : Started SprintBootRestDemoApplication in 4.521 seconds (JVM running for 5.208)
2020-09-24 02:13:11.230 DEBUG 11123 --- [http-nio-8080-exec-1] c.v.demo.jpa.LoggingAdvice               : class com.vijayforvictory.demo.jpa.controller.UserController : listUsers()arguments : []
2020-09-24 02:13:11.235 DEBUG 11123 --- [http-nio-8080-exec-1] c.v.demo.jpa.LoggingAdvice               : public java.lang.String com.vijayforvictory.demo.jpa.controller.UserController.listUsers()
2020-09-24 02:13:11.240 DEBUG 11123 --- [http-nio-8080-exec-1] c.v.demo.jpa.LoggingAdvice               : class com.vijayforvictory.demo.jpa.service.UserService : getUsers()arguments : []
2020-09-24 02:13:11.248 DEBUG 11123 --- [http-nio-8080-exec-1] c.v.demo.jpa.LoggingAdvice               : class com.sun.proxy.$Proxy102 : findAll()arguments : []
2020-09-24 02:13:11.403 DEBUG 11123 --- [http-nio-8080-exec-1] c.v.demo.jpa.LoggingAdvice               : class com.sun.proxy.$Proxy102 : findAll()Response : [{"id":1,"firstName":"Super Star","surname":"Rajnikanth","location":"India"},{"id":2,"firstName":"James","surname":"Bond","location":"UK"},{"id":3,"firstName":"Maximus","surname":"Decimus Meridius","location":"Spain"},{"id":4,"firstName":"Captain","surname":"America","location":"USA"}]
2020-09-24 02:13:11.404 DEBUG 11123 --- [http-nio-8080-exec-1] c.v.demo.jpa.LoggingAdvice               : class com.vijayforvictory.demo.jpa.service.UserService : getUsers()Response : [{"id":1,"firstName":"Super Star","surname":"Rajnikanth","location":"India"},{"id":2,"firstName":"James","surname":"Bond","location":"UK"},{"id":3,"firstName":"Maximus","surname":"Decimus Meridius","location":"Spain"},{"id":4,"firstName":"Captain","surname":"America","location":"USA"}]
2020-09-24 02:13:11.405  INFO 11123 --- [http-nio-8080-exec-1] c.v.demo.jpa.LoggingAdvice               : Time Taken by execution(String com.vijayforvictory.demo.jpa.controller.UserController.listUsers()) is 171
2020-09-24 02:13:11.406 DEBUG 11123 --- [http-nio-8080-exec-1] c.v.demo.jpa.LoggingAdvice               : class com.vijayforvictory.demo.jpa.controller.UserController : listUsers()Response : null
2020-09-24 02:13:29.475 DEBUG 11123 --- [http-nio-8080-exec-3] c.v.demo.jpa.LoggingAdvice               : class com.vijayforvictory.demo.jpa.controller.UserController : listUsers()arguments : []
2020-09-24 02:13:29.477 DEBUG 11123 --- [http-nio-8080-exec-3] c.v.demo.jpa.LoggingAdvice               : public java.lang.String com.vijayforvictory.demo.jpa.controller.UserController.listUsers()
2020-09-24 02:13:29.478 DEBUG 11123 --- [http-nio-8080-exec-3] c.v.demo.jpa.LoggingAdvice               : class com.vijayforvictory.demo.jpa.service.UserService : getUsers()arguments : []
2020-09-24 02:13:29.479 DEBUG 11123 --- [http-nio-8080-exec-3] c.v.demo.jpa.LoggingAdvice               : class com.sun.proxy.$Proxy102 : findAll()arguments : []
2020-09-24 02:13:29.487 DEBUG 11123 --- [http-nio-8080-exec-3] c.v.demo.jpa.LoggingAdvice               : class com.sun.proxy.$Proxy102 : findAll()Response : [{"id":1,"firstName":"Super Star","surname":"Rajnikanth","location":"India"},{"id":2,"firstName":"James","surname":"Bond","location":"UK"},{"id":3,"firstName":"Maximus","surname":"Decimus Meridius","location":"Spain"},{"id":4,"firstName":"Captain","surname":"America","location":"USA"}]
2020-09-24 02:13:29.489 DEBUG 11123 --- [http-nio-8080-exec-3] c.v.demo.jpa.LoggingAdvice               : class com.vijayforvictory.demo.jpa.service.UserService : getUsers()Response : [{"id":1,"firstName":"Super Star","surname":"Rajnikanth","location":"India"},{"id":2,"firstName":"James","surname":"Bond","location":"UK"},{"id":3,"firstName":"Maximus","surname":"Decimus Meridius","location":"Spain"},{"id":4,"firstName":"Captain","surname":"America","location":"USA"}]
2020-09-24 02:13:29.490  INFO 11123 --- [http-nio-8080-exec-3] c.v.demo.jpa.LoggingAdvice               : Time Taken by execution(String com.vijayforvictory.demo.jpa.controller.UserController.listUsers()) is 13
2020-09-24 02:13:29.490 DEBUG 11123 --- [http-nio-8080-exec-3] c.v.demo.jpa.LoggingAdvice               : class com.vijayforvictory.demo.jpa.controller.UserController : listUsers()Response : null
2020-09-24 02:15:59.424 ERROR 11123 --- [HikariPool-1 connection adder] com.zaxxer.hikari.pool.HikariPool        : HikariPool-1 - Error thrown while acquiring connection from data source

org.h2.jdbc.JdbcSQLNonTransientConnectionException: The database is open in exclusive mode; can not open additional connections [90135-200]
	at org.h2.message.DbException.getJdbcSQLException(DbException.java:622) ~[h2-1.4.200.jar:1.4.200]
	at org.h2.message.DbException.getJdbcSQLException(DbException.java:429) ~[h2-1.4.200.jar:1.4.200]
	at org.h2.message.DbException.get(DbException.java:205) ~[h2-1.4.200.jar:1.4.200]
	at org.h2.message.DbException.get(DbException.java:181) ~[h2-1.4.200.jar:1.4.200]
	at org.h2.message.DbException.get(DbException.java:170) ~[h2-1.4.200.jar:1.4.200]
	at org.h2.engine.Session.checkSuspended(Session.java:1369) ~[h2-1.4.200.jar:1.4.200]
	at org.h2.engine.Session.transitionToState(Session.java:1361) ~[h2-1.4.200.jar:1.4.200]
	at org.h2.engine.Session.waitIfExclusiveModeEnabled(Session.java:1633) ~[h2-1.4.200.jar:1.4.200]
	at org.h2.command.Command.executeQuery(Command.java:186) ~[h2-1.4.200.jar:1.4.200]
	at org.h2.jdbc.JdbcConnection.isReadOnly(JdbcConnection.java:631) ~[h2-1.4.200.jar:1.4.200]
	at com.zaxxer.hikari.pool.PoolBase.setupConnection(PoolBase.java:402) ~[HikariCP-3.4.5.jar:na]
	at com.zaxxer.hikari.pool.PoolBase.newConnection(PoolBase.java:363) ~[HikariCP-3.4.5.jar:na]
	at com.zaxxer.hikari.pool.PoolBase.newPoolEntry(PoolBase.java:206) ~[HikariCP-3.4.5.jar:na]
	at com.zaxxer.hikari.pool.HikariPool.createPoolEntry(HikariPool.java:477) ~[HikariCP-3.4.5.jar:na]
	at com.zaxxer.hikari.pool.HikariPool.access$100(HikariPool.java:71) ~[HikariCP-3.4.5.jar:na]
	at com.zaxxer.hikari.pool.HikariPool$PoolEntryCreator.call(HikariPool.java:725) ~[HikariCP-3.4.5.jar:na]
	at com.zaxxer.hikari.pool.HikariPool$PoolEntryCreator.call(HikariPool.java:711) ~[HikariCP-3.4.5.jar:na]
	at java.base/java.util.concurrent.FutureTask.run(FutureTask.java:264) ~[na:na]
	at java.base/java.util.concurrent.ThreadPoolExecutor.runWorker(ThreadPoolExecutor.java:1128) ~[na:na]
	at java.base/java.util.concurrent.ThreadPoolExecutor$Worker.run(ThreadPoolExecutor.java:628) ~[na:na]
	at java.base/java.lang.Thread.run(Thread.java:834) ~[na:na]

2020-09-24 02:16:07.209  INFO 11136 --- [restartedMain] c.v.d.jpa.SprintBootRestDemoApplication  : Starting SprintBootRestDemoApplication on Vijayaraghavans-MacBook-Air.local with PID 11136 (/Users/vijay/Documents/workspace-sts/SprintBootJPADemo/build/classes/java/main started by vijay in /Users/vijay/Documents/workspace-sts/SprintBootJPADemo)
2020-09-24 02:16:07.215 DEBUG 11136 --- [restartedMain] c.v.d.jpa.SprintBootRestDemoApplication  : Running with Spring Boot v2.3.4.RELEASE, Spring v5.2.9.RELEASE
2020-09-24 02:16:07.216  INFO 11136 --- [restartedMain] c.v.d.jpa.SprintBootRestDemoApplication  : No active profile set, falling back to default profiles: default
2020-09-24 02:16:10.857  INFO 11136 --- [restartedMain] c.v.d.jpa.SprintBootRestDemoApplication  : Started SprintBootRestDemoApplication in 4.424 seconds (JVM running for 5.253)
2020-09-24 02:16:11.239 DEBUG 11136 --- [http-nio-8080-exec-1] c.v.demo.jpa.LoggingAdvice               : class com.vijayforvictory.demo.jpa.controller.UserController : listUsers()arguments : []
2020-09-24 02:16:11.243 DEBUG 11136 --- [http-nio-8080-exec-1] c.v.demo.jpa.LoggingAdvice               : public java.lang.String com.vijayforvictory.demo.jpa.controller.UserController.listUsers()
2020-09-24 02:16:11.254 DEBUG 11136 --- [http-nio-8080-exec-1] c.v.demo.jpa.LoggingAdvice               : class com.vijayforvictory.demo.jpa.service.UserService : getUsers()arguments : []
2020-09-24 02:16:11.260 DEBUG 11136 --- [http-nio-8080-exec-1] c.v.demo.jpa.LoggingAdvice               : class com.sun.proxy.$Proxy103 : findAll()arguments : []
2020-09-24 02:16:11.434 DEBUG 11136 --- [http-nio-8080-exec-1] c.v.demo.jpa.LoggingAdvice               : class com.sun.proxy.$Proxy103 : findAll()Response : [{"id":1,"firstName":"Super Star","surname":"Rajnikanth","location":"India"},{"id":2,"firstName":"James","surname":"Bond","location":"UK"},{"id":3,"firstName":"Maximus","surname":"Decimus Meridius","location":"Spain"},{"id":4,"firstName":"Captain","surname":"America","location":"USA"}]
2020-09-24 02:16:11.435 DEBUG 11136 --- [http-nio-8080-exec-1] c.v.demo.jpa.LoggingAdvice               : class com.vijayforvictory.demo.jpa.service.UserService : getUsers()Response : [{"id":1,"firstName":"Super Star","surname":"Rajnikanth","location":"India"},{"id":2,"firstName":"James","surname":"Bond","location":"UK"},{"id":3,"firstName":"Maximus","surname":"Decimus Meridius","location":"Spain"},{"id":4,"firstName":"Captain","surname":"America","location":"USA"}]
2020-09-24 02:16:11.436 DEBUG 11136 --- [http-nio-8080-exec-1] c.v.demo.jpa.controller.UserController   : -------------[com.vijayforvictory.demo.jpa.repo.User@4f044d64, com.vijayforvictory.demo.jpa.repo.User@6b1d277e, com.vijayforvictory.demo.jpa.repo.User@2892d198, com.vijayforvictory.demo.jpa.repo.User@42a43675]
2020-09-24 02:16:11.436 DEBUG 11136 --- [http-nio-8080-exec-1] c.v.demo.jpa.LoggingAdvice               : class com.vijayforvictory.demo.jpa.service.UserService : getUsers()arguments : []
2020-09-24 02:16:11.437 DEBUG 11136 --- [http-nio-8080-exec-1] c.v.demo.jpa.LoggingAdvice               : class com.sun.proxy.$Proxy103 : findAll()arguments : []
2020-09-24 02:16:11.439 DEBUG 11136 --- [http-nio-8080-exec-1] c.v.demo.jpa.LoggingAdvice               : class com.sun.proxy.$Proxy103 : findAll()Response : [{"id":1,"firstName":"Super Star","surname":"Rajnikanth","location":"India"},{"id":2,"firstName":"James","surname":"Bond","location":"UK"},{"id":3,"firstName":"Maximus","surname":"Decimus Meridius","location":"Spain"},{"id":4,"firstName":"Captain","surname":"America","location":"USA"}]
2020-09-24 02:16:11.441 DEBUG 11136 --- [http-nio-8080-exec-1] c.v.demo.jpa.LoggingAdvice               : class com.vijayforvictory.demo.jpa.service.UserService : getUsers()Response : [{"id":1,"firstName":"Super Star","surname":"Rajnikanth","location":"India"},{"id":2,"firstName":"James","surname":"Bond","location":"UK"},{"id":3,"firstName":"Maximus","surname":"Decimus Meridius","location":"Spain"},{"id":4,"firstName":"Captain","surname":"America","location":"USA"}]
2020-09-24 02:16:11.442  INFO 11136 --- [http-nio-8080-exec-1] c.v.demo.jpa.LoggingAdvice               : Time Taken by execution(String com.vijayforvictory.demo.jpa.controller.UserController.listUsers()) is 199
2020-09-24 02:16:11.444 DEBUG 11136 --- [http-nio-8080-exec-1] c.v.demo.jpa.LoggingAdvice               : class com.vijayforvictory.demo.jpa.controller.UserController : listUsers()Response : null
2020-09-24 02:17:53.792  INFO 11143 --- [restartedMain] c.v.d.jpa.SprintBootRestDemoApplication  : Starting SprintBootRestDemoApplication on Vijayaraghavans-MacBook-Air.local with PID 11143 (/Users/vijay/Documents/workspace-sts/SprintBootJPADemo/build/classes/java/main started by vijay in /Users/vijay/Documents/workspace-sts/SprintBootJPADemo)
2020-09-24 02:17:53.796 DEBUG 11143 --- [restartedMain] c.v.d.jpa.SprintBootRestDemoApplication  : Running with Spring Boot v2.3.4.RELEASE, Spring v5.2.9.RELEASE
2020-09-24 02:17:53.797  INFO 11143 --- [restartedMain] c.v.d.jpa.SprintBootRestDemoApplication  : No active profile set, falling back to default profiles: default
2020-09-24 02:17:57.462  INFO 11143 --- [restartedMain] c.v.d.jpa.SprintBootRestDemoApplication  : Started SprintBootRestDemoApplication in 4.139 seconds (JVM running for 4.803)
2020-09-24 02:18:04.863 DEBUG 11143 --- [http-nio-8080-exec-1] c.v.demo.jpa.LoggingAdvice               : class com.vijayforvictory.demo.jpa.controller.UserController : listUsers()arguments : []
2020-09-24 02:18:04.868 DEBUG 11143 --- [http-nio-8080-exec-1] c.v.demo.jpa.LoggingAdvice               : public java.lang.String com.vijayforvictory.demo.jpa.controller.UserController.listUsers()
2020-09-24 02:18:04.874 DEBUG 11143 --- [http-nio-8080-exec-1] c.v.demo.jpa.LoggingAdvice               : class com.vijayforvictory.demo.jpa.service.UserService : getUsers()arguments : []
2020-09-24 02:18:04.880 DEBUG 11143 --- [http-nio-8080-exec-1] c.v.demo.jpa.LoggingAdvice               : class com.sun.proxy.$Proxy103 : findAll()arguments : []
2020-09-24 02:18:05.090 DEBUG 11143 --- [http-nio-8080-exec-1] c.v.demo.jpa.LoggingAdvice               : class com.sun.proxy.$Proxy103 : findAll()Response : [{"id":1,"firstName":"Super Star","surname":"Rajnikanth","location":"India"},{"id":2,"firstName":"James","surname":"Bond","location":"UK"},{"id":3,"firstName":"Maximus","surname":"Decimus Meridius","location":"Spain"},{"id":4,"firstName":"Captain","surname":"America","location":"USA"}]
2020-09-24 02:18:05.098 DEBUG 11143 --- [http-nio-8080-exec-1] c.v.demo.jpa.LoggingAdvice               : class com.vijayforvictory.demo.jpa.service.UserService : getUsers()Response : [{"id":1,"firstName":"Super Star","surname":"Rajnikanth","location":"India"},{"id":2,"firstName":"James","surname":"Bond","location":"UK"},{"id":3,"firstName":"Maximus","surname":"Decimus Meridius","location":"Spain"},{"id":4,"firstName":"Captain","surname":"America","location":"USA"}]
2020-09-24 02:18:05.102 DEBUG 11143 --- [http-nio-8080-exec-1] c.v.demo.jpa.controller.UserController   : -------------[{"id":1,"firstName":"Super Star","surname":"Rajnikanth","location":"India"},{"id":2,"firstName":"James","surname":"Bond","location":"UK"},{"id":3,"firstName":"Maximus","surname":"Decimus Meridius","location":"Spain"},{"id":4,"firstName":"Captain","surname":"America","location":"USA"}]
2020-09-24 02:18:05.103 DEBUG 11143 --- [http-nio-8080-exec-1] c.v.demo.jpa.LoggingAdvice               : class com.vijayforvictory.demo.jpa.service.UserService : getUsers()arguments : []
2020-09-24 02:18:05.103 DEBUG 11143 --- [http-nio-8080-exec-1] c.v.demo.jpa.LoggingAdvice               : class com.sun.proxy.$Proxy103 : findAll()arguments : []
2020-09-24 02:18:05.111 DEBUG 11143 --- [http-nio-8080-exec-1] c.v.demo.jpa.LoggingAdvice               : class com.sun.proxy.$Proxy103 : findAll()Response : [{"id":1,"firstName":"Super Star","surname":"Rajnikanth","location":"India"},{"id":2,"firstName":"James","surname":"Bond","location":"UK"},{"id":3,"firstName":"Maximus","surname":"Decimus Meridius","location":"Spain"},{"id":4,"firstName":"Captain","surname":"America","location":"USA"}]
2020-09-24 02:18:05.114 DEBUG 11143 --- [http-nio-8080-exec-1] c.v.demo.jpa.LoggingAdvice               : class com.vijayforvictory.demo.jpa.service.UserService : getUsers()Response : [{"id":1,"firstName":"Super Star","surname":"Rajnikanth","location":"India"},{"id":2,"firstName":"James","surname":"Bond","location":"UK"},{"id":3,"firstName":"Maximus","surname":"Decimus Meridius","location":"Spain"},{"id":4,"firstName":"Captain","surname":"America","location":"USA"}]
2020-09-24 02:18:05.115  INFO 11143 --- [http-nio-8080-exec-1] c.v.demo.jpa.LoggingAdvice               : Time Taken by execution(String com.vijayforvictory.demo.jpa.controller.UserController.listUsers()) is 248
2020-09-24 02:18:05.117 DEBUG 11143 --- [http-nio-8080-exec-1] c.v.demo.jpa.LoggingAdvice               : class com.vijayforvictory.demo.jpa.controller.UserController : listUsers()Response : null
2020-09-24 02:18:29.305 ERROR 11143 --- [HikariPool-1 connection adder] com.zaxxer.hikari.pool.HikariPool        : HikariPool-1 - Error thrown while acquiring connection from data source

org.h2.jdbc.JdbcSQLNonTransientConnectionException: The database is open in exclusive mode; can not open additional connections [90135-200]
	at org.h2.message.DbException.getJdbcSQLException(DbException.java:622) ~[h2-1.4.200.jar:1.4.200]
	at org.h2.message.DbException.getJdbcSQLException(DbException.java:429) ~[h2-1.4.200.jar:1.4.200]
	at org.h2.message.DbException.get(DbException.java:205) ~[h2-1.4.200.jar:1.4.200]
	at org.h2.message.DbException.get(DbException.java:181) ~[h2-1.4.200.jar:1.4.200]
	at org.h2.message.DbException.get(DbException.java:170) ~[h2-1.4.200.jar:1.4.200]
	at org.h2.engine.Session.checkSuspended(Session.java:1369) ~[h2-1.4.200.jar:1.4.200]
	at org.h2.engine.Session.isOpen(Session.java:1303) ~[h2-1.4.200.jar:1.4.200]
	at org.h2.engine.Session.waitIfExclusiveModeEnabled(Session.java:1639) ~[h2-1.4.200.jar:1.4.200]
	at org.h2.command.Command.executeQuery(Command.java:186) ~[h2-1.4.200.jar:1.4.200]
	at org.h2.jdbc.JdbcConnection.isReadOnly(JdbcConnection.java:631) ~[h2-1.4.200.jar:1.4.200]
	at com.zaxxer.hikari.pool.PoolBase.setupConnection(PoolBase.java:402) ~[HikariCP-3.4.5.jar:na]
	at com.zaxxer.hikari.pool.PoolBase.newConnection(PoolBase.java:363) ~[HikariCP-3.4.5.jar:na]
	at com.zaxxer.hikari.pool.PoolBase.newPoolEntry(PoolBase.java:206) ~[HikariCP-3.4.5.jar:na]
	at com.zaxxer.hikari.pool.HikariPool.createPoolEntry(HikariPool.java:477) ~[HikariCP-3.4.5.jar:na]
	at com.zaxxer.hikari.pool.HikariPool.access$100(HikariPool.java:71) ~[HikariCP-3.4.5.jar:na]
	at com.zaxxer.hikari.pool.HikariPool$PoolEntryCreator.call(HikariPool.java:725) ~[HikariCP-3.4.5.jar:na]
	at com.zaxxer.hikari.pool.HikariPool$PoolEntryCreator.call(HikariPool.java:711) ~[HikariCP-3.4.5.jar:na]
	at java.base/java.util.concurrent.FutureTask.run(FutureTask.java:264) ~[na:na]
	at java.base/java.util.concurrent.ThreadPoolExecutor.runWorker(ThreadPoolExecutor.java:1128) ~[na:na]
	at java.base/java.util.concurrent.ThreadPoolExecutor$Worker.run(ThreadPoolExecutor.java:628) ~[na:na]
	at java.base/java.lang.Thread.run(Thread.java:834) ~[na:na]

2020-09-24 02:18:37.388  INFO 11147 --- [restartedMain] c.v.d.jpa.SprintBootRestDemoApplication  : Starting SprintBootRestDemoApplication on Vijayaraghavans-MacBook-Air.local with PID 11147 (/Users/vijay/Documents/workspace-sts/SprintBootJPADemo/build/classes/java/main started by vijay in /Users/vijay/Documents/workspace-sts/SprintBootJPADemo)
2020-09-24 02:18:37.392 DEBUG 11147 --- [restartedMain] c.v.d.jpa.SprintBootRestDemoApplication  : Running with Spring Boot v2.3.4.RELEASE, Spring v5.2.9.RELEASE
2020-09-24 02:18:37.393  INFO 11147 --- [restartedMain] c.v.d.jpa.SprintBootRestDemoApplication  : No active profile set, falling back to default profiles: default
2020-09-24 02:18:40.592  INFO 11147 --- [restartedMain] c.v.d.jpa.SprintBootRestDemoApplication  : Started SprintBootRestDemoApplication in 3.924 seconds (JVM running for 4.729)
2020-09-24 02:18:45.306 DEBUG 11147 --- [http-nio-8080-exec-1] c.v.demo.jpa.LoggingAdvice               : class com.vijayforvictory.demo.jpa.controller.UserController : listUsers()arguments : []
2020-09-24 02:18:45.307 DEBUG 11147 --- [http-nio-8080-exec-1] c.v.demo.jpa.LoggingAdvice               : public java.lang.String com.vijayforvictory.demo.jpa.controller.UserController.listUsers()
2020-09-24 02:18:45.315 DEBUG 11147 --- [http-nio-8080-exec-1] c.v.demo.jpa.LoggingAdvice               : class com.vijayforvictory.demo.jpa.service.UserService : getUsers()arguments : []
2020-09-24 02:18:45.321 DEBUG 11147 --- [http-nio-8080-exec-1] c.v.demo.jpa.LoggingAdvice               : class com.sun.proxy.$Proxy103 : findAll()arguments : []
2020-09-24 02:18:45.507 DEBUG 11147 --- [http-nio-8080-exec-1] c.v.demo.jpa.LoggingAdvice               : class com.sun.proxy.$Proxy103 : findAll()Response : [{"id":1,"firstName":"Super Star","surname":"Rajnikanth","location":"India"},{"id":2,"firstName":"James","surname":"Bond","location":"UK"},{"id":3,"firstName":"Maximus","surname":"Decimus Meridius","location":"Spain"},{"id":4,"firstName":"Captain","surname":"America","location":"USA"}]
2020-09-24 02:18:45.509 DEBUG 11147 --- [http-nio-8080-exec-1] c.v.demo.jpa.LoggingAdvice               : class com.vijayforvictory.demo.jpa.service.UserService : getUsers()Response : [{"id":1,"firstName":"Super Star","surname":"Rajnikanth","location":"India"},{"id":2,"firstName":"James","surname":"Bond","location":"UK"},{"id":3,"firstName":"Maximus","surname":"Decimus Meridius","location":"Spain"},{"id":4,"firstName":"Captain","surname":"America","location":"USA"}]
2020-09-24 02:18:45.510 DEBUG 11147 --- [http-nio-8080-exec-1] c.v.demo.jpa.controller.UserController   : -------------[{"id":1,"firstName":"Super Star","surname":"Rajnikanth","location":"India"},{"id":2,"firstName":"James","surname":"Bond","location":"UK"},{"id":3,"firstName":"Maximus","surname":"Decimus Meridius","location":"Spain"},{"id":4,"firstName":"Captain","surname":"America","location":"USA"}]
2020-09-24 02:18:45.510 DEBUG 11147 --- [http-nio-8080-exec-1] c.v.demo.jpa.LoggingAdvice               : class com.vijayforvictory.demo.jpa.service.UserService : getUsers()arguments : []
2020-09-24 02:18:45.511 DEBUG 11147 --- [http-nio-8080-exec-1] c.v.demo.jpa.LoggingAdvice               : class com.sun.proxy.$Proxy103 : findAll()arguments : []
2020-09-24 02:18:45.516 DEBUG 11147 --- [http-nio-8080-exec-1] c.v.demo.jpa.LoggingAdvice               : class com.sun.proxy.$Proxy103 : findAll()Response : [{"id":1,"firstName":"Super Star","surname":"Rajnikanth","location":"India"},{"id":2,"firstName":"James","surname":"Bond","location":"UK"},{"id":3,"firstName":"Maximus","surname":"Decimus Meridius","location":"Spain"},{"id":4,"firstName":"Captain","surname":"America","location":"USA"}]
2020-09-24 02:18:45.517 DEBUG 11147 --- [http-nio-8080-exec-1] c.v.demo.jpa.LoggingAdvice               : class com.vijayforvictory.demo.jpa.service.UserService : getUsers()Response : [{"id":1,"firstName":"Super Star","surname":"Rajnikanth","location":"India"},{"id":2,"firstName":"James","surname":"Bond","location":"UK"},{"id":3,"firstName":"Maximus","surname":"Decimus Meridius","location":"Spain"},{"id":4,"firstName":"Captain","surname":"America","location":"USA"}]
2020-09-24 02:18:45.518 DEBUG 11147 --- [http-nio-8080-exec-1] c.v.demo.jpa.LoggingAdvice               : class com.vijayforvictory.demo.jpa.controller.UserController : listUsers()Response : "[{\"id\":1,\"firstName\":\"Super Star\",\"surname\":\"Rajnikanth\",\"location\":\"India\"},{\"id\":2,\"firstName\":\"James\",\"surname\":\"Bond\",\"location\":\"UK\"},{\"id\":3,\"firstName\":\"Maximus\",\"surname\":\"Decimus Meridius\",\"location\":\"Spain\"},{\"id\":4,\"firstName\":\"Captain\",\"surname\":\"America\",\"location\":\"USA\"}]"
2020-09-24 02:19:15.796  INFO 11161 --- [restartedMain] c.v.d.jpa.SprintBootRestDemoApplication  : Starting SprintBootRestDemoApplication on Vijayaraghavans-MacBook-Air.local with PID 11161 (/Users/vijay/Documents/workspace-sts/SprintBootJPADemo/build/classes/java/main started by vijay in /Users/vijay/Documents/workspace-sts/SprintBootJPADemo)
2020-09-24 02:19:15.801 DEBUG 11161 --- [restartedMain] c.v.d.jpa.SprintBootRestDemoApplication  : Running with Spring Boot v2.3.4.RELEASE, Spring v5.2.9.RELEASE
2020-09-24 02:19:15.803  INFO 11161 --- [restartedMain] c.v.d.jpa.SprintBootRestDemoApplication  : No active profile set, falling back to default profiles: default
2020-09-24 02:19:19.423  INFO 11161 --- [restartedMain] c.v.d.jpa.SprintBootRestDemoApplication  : Started SprintBootRestDemoApplication in 4.091 seconds (JVM running for 4.751)
2020-09-24 02:19:28.323 DEBUG 11161 --- [http-nio-8080-exec-1] c.v.demo.jpa.LoggingAdvice               : class com.vijayforvictory.demo.jpa.controller.UserController : listUsers()arguments : []
2020-09-24 02:19:28.325 DEBUG 11161 --- [http-nio-8080-exec-1] c.v.demo.jpa.LoggingAdvice               : public java.lang.String com.vijayforvictory.demo.jpa.controller.UserController.listUsers()
2020-09-24 02:19:28.331 DEBUG 11161 --- [http-nio-8080-exec-1] c.v.demo.jpa.LoggingAdvice               : class com.vijayforvictory.demo.jpa.service.UserService : getUsers()arguments : []
2020-09-24 02:19:28.336 DEBUG 11161 --- [http-nio-8080-exec-1] c.v.demo.jpa.LoggingAdvice               : class com.sun.proxy.$Proxy102 : findAll()arguments : []
2020-09-24 02:19:28.505 DEBUG 11161 --- [http-nio-8080-exec-1] c.v.demo.jpa.LoggingAdvice               : class com.sun.proxy.$Proxy102 : findAll()Response : [{"id":1,"firstName":"Super Star","surname":"Rajnikanth","location":"India"},{"id":2,"firstName":"James","surname":"Bond","location":"UK"},{"id":3,"firstName":"Maximus","surname":"Decimus Meridius","location":"Spain"},{"id":4,"firstName":"Captain","surname":"America","location":"USA"}]
2020-09-24 02:19:28.506 DEBUG 11161 --- [http-nio-8080-exec-1] c.v.demo.jpa.LoggingAdvice               : class com.vijayforvictory.demo.jpa.service.UserService : getUsers()Response : [{"id":1,"firstName":"Super Star","surname":"Rajnikanth","location":"India"},{"id":2,"firstName":"James","surname":"Bond","location":"UK"},{"id":3,"firstName":"Maximus","surname":"Decimus Meridius","location":"Spain"},{"id":4,"firstName":"Captain","surname":"America","location":"USA"}]
2020-09-24 02:19:28.509 DEBUG 11161 --- [http-nio-8080-exec-1] c.v.demo.jpa.controller.UserController   : -------------[{"id":1,"firstName":"Super Star","surname":"Rajnikanth","location":"India"},{"id":2,"firstName":"James","surname":"Bond","location":"UK"},{"id":3,"firstName":"Maximus","surname":"Decimus Meridius","location":"Spain"},{"id":4,"firstName":"Captain","surname":"America","location":"USA"}]
2020-09-24 02:19:28.510 DEBUG 11161 --- [http-nio-8080-exec-1] c.v.demo.jpa.LoggingAdvice               : class com.vijayforvictory.demo.jpa.service.UserService : getUsers()arguments : []
2020-09-24 02:19:28.510 DEBUG 11161 --- [http-nio-8080-exec-1] c.v.demo.jpa.LoggingAdvice               : class com.sun.proxy.$Proxy102 : findAll()arguments : []
2020-09-24 02:19:28.514 DEBUG 11161 --- [http-nio-8080-exec-1] c.v.demo.jpa.LoggingAdvice               : class com.sun.proxy.$Proxy102 : findAll()Response : [{"id":1,"firstName":"Super Star","surname":"Rajnikanth","location":"India"},{"id":2,"firstName":"James","surname":"Bond","location":"UK"},{"id":3,"firstName":"Maximus","surname":"Decimus Meridius","location":"Spain"},{"id":4,"firstName":"Captain","surname":"America","location":"USA"}]
2020-09-24 02:19:28.515 DEBUG 11161 --- [http-nio-8080-exec-1] c.v.demo.jpa.LoggingAdvice               : class com.vijayforvictory.demo.jpa.service.UserService : getUsers()Response : [{"id":1,"firstName":"Super Star","surname":"Rajnikanth","location":"India"},{"id":2,"firstName":"James","surname":"Bond","location":"UK"},{"id":3,"firstName":"Maximus","surname":"Decimus Meridius","location":"Spain"},{"id":4,"firstName":"Captain","surname":"America","location":"USA"}]
2020-09-24 02:19:28.516 DEBUG 11161 --- [http-nio-8080-exec-1] c.v.demo.jpa.LoggingAdvice               : class com.vijayforvictory.demo.jpa.controller.UserController : listUsers()Response : "[{\"id\":1,\"firstName\":\"Super Star\",\"surname\":\"Rajnikanth\",\"location\":\"India\"},{\"id\":2,\"firstName\":\"James\",\"surname\":\"Bond\",\"location\":\"UK\"},{\"id\":3,\"firstName\":\"Maximus\",\"surname\":\"Decimus Meridius\",\"location\":\"Spain\"},{\"id\":4,\"firstName\":\"Captain\",\"surname\":\"America\",\"location\":\"USA\"}]"
2020-09-24 02:19:30.021 DEBUG 11161 --- [http-nio-8080-exec-2] c.v.demo.jpa.LoggingAdvice               : class com.vijayforvictory.demo.jpa.controller.UserController : listUsers()arguments : []
2020-09-24 02:19:30.021 DEBUG 11161 --- [http-nio-8080-exec-2] c.v.demo.jpa.LoggingAdvice               : public java.lang.String com.vijayforvictory.demo.jpa.controller.UserController.listUsers()
2020-09-24 02:19:30.022 DEBUG 11161 --- [http-nio-8080-exec-2] c.v.demo.jpa.LoggingAdvice               : class com.vijayforvictory.demo.jpa.service.UserService : getUsers()arguments : []
2020-09-24 02:19:30.023 DEBUG 11161 --- [http-nio-8080-exec-2] c.v.demo.jpa.LoggingAdvice               : class com.sun.proxy.$Proxy102 : findAll()arguments : []
2020-09-24 02:19:30.026 DEBUG 11161 --- [http-nio-8080-exec-2] c.v.demo.jpa.LoggingAdvice               : class com.sun.proxy.$Proxy102 : findAll()Response : [{"id":1,"firstName":"Super Star","surname":"Rajnikanth","location":"India"},{"id":2,"firstName":"James","surname":"Bond","location":"UK"},{"id":3,"firstName":"Maximus","surname":"Decimus Meridius","location":"Spain"},{"id":4,"firstName":"Captain","surname":"America","location":"USA"}]
2020-09-24 02:19:30.027 DEBUG 11161 --- [http-nio-8080-exec-2] c.v.demo.jpa.LoggingAdvice               : class com.vijayforvictory.demo.jpa.service.UserService : getUsers()Response : [{"id":1,"firstName":"Super Star","surname":"Rajnikanth","location":"India"},{"id":2,"firstName":"James","surname":"Bond","location":"UK"},{"id":3,"firstName":"Maximus","surname":"Decimus Meridius","location":"Spain"},{"id":4,"firstName":"Captain","surname":"America","location":"USA"}]
2020-09-24 02:19:30.028 DEBUG 11161 --- [http-nio-8080-exec-2] c.v.demo.jpa.controller.UserController   : -------------[{"id":1,"firstName":"Super Star","surname":"Rajnikanth","location":"India"},{"id":2,"firstName":"James","surname":"Bond","location":"UK"},{"id":3,"firstName":"Maximus","surname":"Decimus Meridius","location":"Spain"},{"id":4,"firstName":"Captain","surname":"America","location":"USA"}]
2020-09-24 02:19:30.029 DEBUG 11161 --- [http-nio-8080-exec-2] c.v.demo.jpa.LoggingAdvice               : class com.vijayforvictory.demo.jpa.service.UserService : getUsers()arguments : []
2020-09-24 02:19:30.030 DEBUG 11161 --- [http-nio-8080-exec-2] c.v.demo.jpa.LoggingAdvice               : class com.sun.proxy.$Proxy102 : findAll()arguments : []
2020-09-24 02:19:30.032 DEBUG 11161 --- [http-nio-8080-exec-2] c.v.demo.jpa.LoggingAdvice               : class com.sun.proxy.$Proxy102 : findAll()Response : [{"id":1,"firstName":"Super Star","surname":"Rajnikanth","location":"India"},{"id":2,"firstName":"James","surname":"Bond","location":"UK"},{"id":3,"firstName":"Maximus","surname":"Decimus Meridius","location":"Spain"},{"id":4,"firstName":"Captain","surname":"America","location":"USA"}]
2020-09-24 02:19:30.033 DEBUG 11161 --- [http-nio-8080-exec-2] c.v.demo.jpa.LoggingAdvice               : class com.vijayforvictory.demo.jpa.service.UserService : getUsers()Response : [{"id":1,"firstName":"Super Star","surname":"Rajnikanth","location":"India"},{"id":2,"firstName":"James","surname":"Bond","location":"UK"},{"id":3,"firstName":"Maximus","surname":"Decimus Meridius","location":"Spain"},{"id":4,"firstName":"Captain","surname":"America","location":"USA"}]
2020-09-24 02:19:30.034 DEBUG 11161 --- [http-nio-8080-exec-2] c.v.demo.jpa.LoggingAdvice               : class com.vijayforvictory.demo.jpa.controller.UserController : listUsers()Response : "[{\"id\":1,\"firstName\":\"Super Star\",\"surname\":\"Rajnikanth\",\"location\":\"India\"},{\"id\":2,\"firstName\":\"James\",\"surname\":\"Bond\",\"location\":\"UK\"},{\"id\":3,\"firstName\":\"Maximus\",\"surname\":\"Decimus Meridius\",\"location\":\"Spain\"},{\"id\":4,\"firstName\":\"Captain\",\"surname\":\"America\",\"location\":\"USA\"}]"
2020-09-24 02:20:02.651  INFO 11164 --- [restartedMain] c.v.d.jpa.SprintBootRestDemoApplication  : Starting SprintBootRestDemoApplication on Vijayaraghavans-MacBook-Air.local with PID 11164 (/Users/vijay/Documents/workspace-sts/SprintBootJPADemo/build/classes/java/main started by vijay in /Users/vijay/Documents/workspace-sts/SprintBootJPADemo)
2020-09-24 02:20:02.653 DEBUG 11164 --- [restartedMain] c.v.d.jpa.SprintBootRestDemoApplication  : Running with Spring Boot v2.3.4.RELEASE, Spring v5.2.9.RELEASE
2020-09-24 02:20:02.654  INFO 11164 --- [restartedMain] c.v.d.jpa.SprintBootRestDemoApplication  : No active profile set, falling back to default profiles: default
2020-09-24 02:20:06.457  INFO 11164 --- [restartedMain] c.v.d.jpa.SprintBootRestDemoApplication  : Started SprintBootRestDemoApplication in 4.28 seconds (JVM running for 4.966)
2020-09-24 02:20:13.173 DEBUG 11164 --- [http-nio-8080-exec-1] c.v.demo.jpa.LoggingAdvice               : class com.vijayforvictory.demo.jpa.controller.UserController : listUsers()arguments : []
2020-09-24 02:20:13.175 DEBUG 11164 --- [http-nio-8080-exec-1] c.v.demo.jpa.LoggingAdvice               : public java.lang.String com.vijayforvictory.demo.jpa.controller.UserController.listUsers()
2020-09-24 02:20:13.183 DEBUG 11164 --- [http-nio-8080-exec-1] c.v.demo.jpa.LoggingAdvice               : class com.vijayforvictory.demo.jpa.service.UserService : getUsers()arguments : []
2020-09-24 02:20:13.190 DEBUG 11164 --- [http-nio-8080-exec-1] c.v.demo.jpa.LoggingAdvice               : class com.sun.proxy.$Proxy102 : findAll()arguments : []
2020-09-24 02:20:13.343 DEBUG 11164 --- [http-nio-8080-exec-1] c.v.demo.jpa.LoggingAdvice               : class com.sun.proxy.$Proxy102 : findAll()Response : [{"id":1,"firstName":"Super Star","surname":"Rajnikanth","location":"India"},{"id":2,"firstName":"James","surname":"Bond","location":"UK"},{"id":3,"firstName":"Maximus","surname":"Decimus Meridius","location":"Spain"},{"id":4,"firstName":"Captain","surname":"America","location":"USA"}]
2020-09-24 02:20:13.344 DEBUG 11164 --- [http-nio-8080-exec-1] c.v.demo.jpa.LoggingAdvice               : class com.vijayforvictory.demo.jpa.service.UserService : getUsers()Response : [{"id":1,"firstName":"Super Star","surname":"Rajnikanth","location":"India"},{"id":2,"firstName":"James","surname":"Bond","location":"UK"},{"id":3,"firstName":"Maximus","surname":"Decimus Meridius","location":"Spain"},{"id":4,"firstName":"Captain","surname":"America","location":"USA"}]
2020-09-24 02:20:13.346 DEBUG 11164 --- [http-nio-8080-exec-1] c.v.demo.jpa.LoggingAdvice               : class com.vijayforvictory.demo.jpa.controller.UserController : listUsers()Response : "[{\"id\":1,\"firstName\":\"Super Star\",\"surname\":\"Rajnikanth\",\"location\":\"India\"},{\"id\":2,\"firstName\":\"James\",\"surname\":\"Bond\",\"location\":\"UK\"},{\"id\":3,\"firstName\":\"Maximus\",\"surname\":\"Decimus Meridius\",\"location\":\"Spain\"},{\"id\":4,\"firstName\":\"Captain\",\"surname\":\"America\",\"location\":\"USA\"}]"
2020-09-24 02:21:33.288 ERROR 11164 --- [HikariPool-1 connection adder] com.zaxxer.hikari.pool.HikariPool        : HikariPool-1 - Error thrown while acquiring connection from data source

org.h2.jdbc.JdbcSQLNonTransientConnectionException: The database is open in exclusive mode; can not open additional connections [90135-200]
	at org.h2.message.DbException.getJdbcSQLException(DbException.java:622) ~[h2-1.4.200.jar:1.4.200]
	at org.h2.message.DbException.getJdbcSQLException(DbException.java:429) ~[h2-1.4.200.jar:1.4.200]
	at org.h2.message.DbException.get(DbException.java:205) ~[h2-1.4.200.jar:1.4.200]
	at org.h2.message.DbException.get(DbException.java:181) ~[h2-1.4.200.jar:1.4.200]
	at org.h2.message.DbException.get(DbException.java:170) ~[h2-1.4.200.jar:1.4.200]
	at org.h2.engine.Session.checkSuspended(Session.java:1369) ~[h2-1.4.200.jar:1.4.200]
	at org.h2.engine.Session.isOpen(Session.java:1303) ~[h2-1.4.200.jar:1.4.200]
	at org.h2.engine.Session.waitIfExclusiveModeEnabled(Session.java:1639) ~[h2-1.4.200.jar:1.4.200]
	at org.h2.command.Command.executeQuery(Command.java:186) ~[h2-1.4.200.jar:1.4.200]
	at org.h2.jdbc.JdbcConnection.isReadOnly(JdbcConnection.java:631) ~[h2-1.4.200.jar:1.4.200]
	at com.zaxxer.hikari.pool.PoolBase.setupConnection(PoolBase.java:402) ~[HikariCP-3.4.5.jar:na]
	at com.zaxxer.hikari.pool.PoolBase.newConnection(PoolBase.java:363) ~[HikariCP-3.4.5.jar:na]
	at com.zaxxer.hikari.pool.PoolBase.newPoolEntry(PoolBase.java:206) ~[HikariCP-3.4.5.jar:na]
	at com.zaxxer.hikari.pool.HikariPool.createPoolEntry(HikariPool.java:477) ~[HikariCP-3.4.5.jar:na]
	at com.zaxxer.hikari.pool.HikariPool.access$100(HikariPool.java:71) ~[HikariCP-3.4.5.jar:na]
	at com.zaxxer.hikari.pool.HikariPool$PoolEntryCreator.call(HikariPool.java:725) ~[HikariCP-3.4.5.jar:na]
	at com.zaxxer.hikari.pool.HikariPool$PoolEntryCreator.call(HikariPool.java:711) ~[HikariCP-3.4.5.jar:na]
	at java.base/java.util.concurrent.FutureTask.run(FutureTask.java:264) ~[na:na]
	at java.base/java.util.concurrent.ThreadPoolExecutor.runWorker(ThreadPoolExecutor.java:1128) ~[na:na]
	at java.base/java.util.concurrent.ThreadPoolExecutor$Worker.run(ThreadPoolExecutor.java:628) ~[na:na]
	at java.base/java.lang.Thread.run(Thread.java:834) ~[na:na]

2020-09-24 02:21:56.080  INFO 11166 --- [restartedMain] c.v.d.jpa.SprintBootRestDemoApplication  : Starting SprintBootRestDemoApplication on Vijayaraghavans-MacBook-Air.local with PID 11166 (/Users/vijay/Documents/workspace-sts/SprintBootJPADemo/build/classes/java/main started by vijay in /Users/vijay/Documents/workspace-sts/SprintBootJPADemo)
2020-09-24 02:21:56.088 DEBUG 11166 --- [restartedMain] c.v.d.jpa.SprintBootRestDemoApplication  : Running with Spring Boot v2.3.4.RELEASE, Spring v5.2.9.RELEASE
2020-09-24 02:21:56.089  INFO 11166 --- [restartedMain] c.v.d.jpa.SprintBootRestDemoApplication  : No active profile set, falling back to default profiles: default
2020-09-24 02:22:00.305  INFO 11166 --- [restartedMain] c.v.d.jpa.SprintBootRestDemoApplication  : Started SprintBootRestDemoApplication in 4.984 seconds (JVM running for 5.856)
2020-09-24 02:22:04.975 DEBUG 11166 --- [http-nio-8080-exec-1] c.v.demo.jpa.LoggingAdvice               : class com.vijayforvictory.demo.jpa.controller.UserController : listUsers()arguments : []
2020-09-24 02:22:04.990 DEBUG 11166 --- [http-nio-8080-exec-1] c.v.demo.jpa.LoggingAdvice               : public java.lang.String com.vijayforvictory.demo.jpa.controller.UserController.listUsers()
2020-09-24 02:22:05.001 DEBUG 11166 --- [http-nio-8080-exec-1] c.v.demo.jpa.LoggingAdvice               : class com.vijayforvictory.demo.jpa.service.UserService : getUsers()arguments : []
2020-09-24 02:22:05.023 DEBUG 11166 --- [http-nio-8080-exec-1] c.v.demo.jpa.LoggingAdvice               : class com.sun.proxy.$Proxy102 : findAll()arguments : []
2020-09-24 02:22:05.364 DEBUG 11166 --- [http-nio-8080-exec-1] c.v.demo.jpa.LoggingAdvice               : class com.sun.proxy.$Proxy102 : findAll()Response : [{"id":1,"firstName":"Super Star","surname":"Rajnikanth","location":"India"},{"id":2,"firstName":"James","surname":"Bond","location":"UK"},{"id":3,"firstName":"Maximus","surname":"Decimus Meridius","location":"Spain"},{"id":4,"firstName":"Captain","surname":"America","location":"USA"}]
2020-09-24 02:22:05.366 DEBUG 11166 --- [http-nio-8080-exec-1] c.v.demo.jpa.LoggingAdvice               : class com.vijayforvictory.demo.jpa.service.UserService : getUsers()Response : [{"id":1,"firstName":"Super Star","surname":"Rajnikanth","location":"India"},{"id":2,"firstName":"James","surname":"Bond","location":"UK"},{"id":3,"firstName":"Maximus","surname":"Decimus Meridius","location":"Spain"},{"id":4,"firstName":"Captain","surname":"America","location":"USA"}]
2020-09-24 02:22:05.367  INFO 11166 --- [http-nio-8080-exec-1] c.v.demo.jpa.LoggingAdvice               : Time Taken by execution(String com.vijayforvictory.demo.jpa.controller.UserController.listUsers()) is 377
2020-09-24 02:22:05.369 DEBUG 11166 --- [http-nio-8080-exec-1] c.v.demo.jpa.LoggingAdvice               : class com.vijayforvictory.demo.jpa.controller.UserController : listUsers()Response : null
2020-09-24 02:24:46.519  INFO 11177 --- [restartedMain] c.v.d.jpa.SprintBootRestDemoApplication  : Starting SprintBootRestDemoApplication on Vijayaraghavans-MacBook-Air.local with PID 11177 (/Users/vijay/Documents/workspace-sts/SprintBootJPADemo/build/classes/java/main started by vijay in /Users/vijay/Documents/workspace-sts/SprintBootJPADemo)
2020-09-24 02:24:46.540 DEBUG 11177 --- [restartedMain] c.v.d.jpa.SprintBootRestDemoApplication  : Running with Spring Boot v2.3.4.RELEASE, Spring v5.2.9.RELEASE
2020-09-24 02:24:46.541  INFO 11177 --- [restartedMain] c.v.d.jpa.SprintBootRestDemoApplication  : No active profile set, falling back to default profiles: default
2020-09-24 02:24:50.656  INFO 11177 --- [restartedMain] c.v.d.jpa.SprintBootRestDemoApplication  : Started SprintBootRestDemoApplication in 4.816 seconds (JVM running for 5.531)
2020-09-24 02:25:13.887 DEBUG 11177 --- [http-nio-8080-exec-1] c.v.demo.jpa.LoggingAdvice               : class com.vijayforvictory.demo.jpa.controller.UserController : listUsers()arguments : []
2020-09-24 02:25:13.892 DEBUG 11177 --- [http-nio-8080-exec-1] c.v.demo.jpa.LoggingAdvice               : public java.lang.String com.vijayforvictory.demo.jpa.controller.UserController.listUsers()
2020-09-24 02:25:13.901 DEBUG 11177 --- [http-nio-8080-exec-1] c.v.demo.jpa.LoggingAdvice               : class com.vijayforvictory.demo.jpa.service.UserService : getUsers()arguments : []
2020-09-24 02:25:13.906 DEBUG 11177 --- [http-nio-8080-exec-1] c.v.demo.jpa.LoggingAdvice               : class com.sun.proxy.$Proxy103 : findAll()arguments : []
2020-09-24 02:25:14.090 DEBUG 11177 --- [http-nio-8080-exec-1] c.v.demo.jpa.LoggingAdvice               : class com.sun.proxy.$Proxy103 : findAll()Response : [{"id":1,"firstName":"Super Star","surname":"Rajnikanth","location":"India"},{"id":2,"firstName":"James","surname":"Bond","location":"UK"},{"id":3,"firstName":"Maximus","surname":"Decimus Meridius","location":"Spain"},{"id":4,"firstName":"Captain","surname":"America","location":"USA"}]
2020-09-24 02:25:14.092 DEBUG 11177 --- [http-nio-8080-exec-1] c.v.demo.jpa.LoggingAdvice               : class com.vijayforvictory.demo.jpa.service.UserService : getUsers()Response : [{"id":1,"firstName":"Super Star","surname":"Rajnikanth","location":"India"},{"id":2,"firstName":"James","surname":"Bond","location":"UK"},{"id":3,"firstName":"Maximus","surname":"Decimus Meridius","location":"Spain"},{"id":4,"firstName":"Captain","surname":"America","location":"USA"}]
2020-09-24 02:25:14.093  INFO 11177 --- [http-nio-8080-exec-1] c.v.demo.jpa.LoggingAdvice               : Time Taken by execution(String com.vijayforvictory.demo.jpa.controller.UserController.listUsers()) is 201
2020-09-24 02:25:14.095 DEBUG 11177 --- [http-nio-8080-exec-1] c.v.demo.jpa.LoggingAdvice               : class com.vijayforvictory.demo.jpa.controller.UserController : listUsers()Response : null
2020-09-24 02:25:15.005 DEBUG 11177 --- [http-nio-8080-exec-2] c.v.demo.jpa.LoggingAdvice               : class com.vijayforvictory.demo.jpa.controller.UserController : listUsers()arguments : []
2020-09-24 02:25:15.006 DEBUG 11177 --- [http-nio-8080-exec-2] c.v.demo.jpa.LoggingAdvice               : public java.lang.String com.vijayforvictory.demo.jpa.controller.UserController.listUsers()
2020-09-24 02:25:15.006 DEBUG 11177 --- [http-nio-8080-exec-2] c.v.demo.jpa.LoggingAdvice               : class com.vijayforvictory.demo.jpa.service.UserService : getUsers()arguments : []
2020-09-24 02:25:15.007 DEBUG 11177 --- [http-nio-8080-exec-2] c.v.demo.jpa.LoggingAdvice               : class com.sun.proxy.$Proxy103 : findAll()arguments : []
2020-09-24 02:25:15.015 DEBUG 11177 --- [http-nio-8080-exec-2] c.v.demo.jpa.LoggingAdvice               : class com.sun.proxy.$Proxy103 : findAll()Response : [{"id":1,"firstName":"Super Star","surname":"Rajnikanth","location":"India"},{"id":2,"firstName":"James","surname":"Bond","location":"UK"},{"id":3,"firstName":"Maximus","surname":"Decimus Meridius","location":"Spain"},{"id":4,"firstName":"Captain","surname":"America","location":"USA"}]
2020-09-24 02:25:15.016 DEBUG 11177 --- [http-nio-8080-exec-2] c.v.demo.jpa.LoggingAdvice               : class com.vijayforvictory.demo.jpa.service.UserService : getUsers()Response : [{"id":1,"firstName":"Super Star","surname":"Rajnikanth","location":"India"},{"id":2,"firstName":"James","surname":"Bond","location":"UK"},{"id":3,"firstName":"Maximus","surname":"Decimus Meridius","location":"Spain"},{"id":4,"firstName":"Captain","surname":"America","location":"USA"}]
2020-09-24 02:25:15.017  INFO 11177 --- [http-nio-8080-exec-2] c.v.demo.jpa.LoggingAdvice               : Time Taken by execution(String com.vijayforvictory.demo.jpa.controller.UserController.listUsers()) is 11
2020-09-24 02:25:15.018 DEBUG 11177 --- [http-nio-8080-exec-2] c.v.demo.jpa.LoggingAdvice               : class com.vijayforvictory.demo.jpa.controller.UserController : listUsers()Response : null
2020-09-24 02:25:15.177 DEBUG 11177 --- [http-nio-8080-exec-3] c.v.demo.jpa.LoggingAdvice               : class com.vijayforvictory.demo.jpa.controller.UserController : listUsers()arguments : []
2020-09-24 02:25:15.177 DEBUG 11177 --- [http-nio-8080-exec-3] c.v.demo.jpa.LoggingAdvice               : public java.lang.String com.vijayforvictory.demo.jpa.controller.UserController.listUsers()
2020-09-24 02:25:15.178 DEBUG 11177 --- [http-nio-8080-exec-3] c.v.demo.jpa.LoggingAdvice               : class com.vijayforvictory.demo.jpa.service.UserService : getUsers()arguments : []
2020-09-24 02:25:15.178 DEBUG 11177 --- [http-nio-8080-exec-3] c.v.demo.jpa.LoggingAdvice               : class com.sun.proxy.$Proxy103 : findAll()arguments : []
2020-09-24 02:25:15.182 DEBUG 11177 --- [http-nio-8080-exec-3] c.v.demo.jpa.LoggingAdvice               : class com.sun.proxy.$Proxy103 : findAll()Response : [{"id":1,"firstName":"Super Star","surname":"Rajnikanth","location":"India"},{"id":2,"firstName":"James","surname":"Bond","location":"UK"},{"id":3,"firstName":"Maximus","surname":"Decimus Meridius","location":"Spain"},{"id":4,"firstName":"Captain","surname":"America","location":"USA"}]
2020-09-24 02:25:15.183 DEBUG 11177 --- [http-nio-8080-exec-3] c.v.demo.jpa.LoggingAdvice               : class com.vijayforvictory.demo.jpa.service.UserService : getUsers()Response : [{"id":1,"firstName":"Super Star","surname":"Rajnikanth","location":"India"},{"id":2,"firstName":"James","surname":"Bond","location":"UK"},{"id":3,"firstName":"Maximus","surname":"Decimus Meridius","location":"Spain"},{"id":4,"firstName":"Captain","surname":"America","location":"USA"}]
2020-09-24 02:25:15.184  INFO 11177 --- [http-nio-8080-exec-3] c.v.demo.jpa.LoggingAdvice               : Time Taken by execution(String com.vijayforvictory.demo.jpa.controller.UserController.listUsers()) is 7
2020-09-24 02:25:15.184 DEBUG 11177 --- [http-nio-8080-exec-3] c.v.demo.jpa.LoggingAdvice               : class com.vijayforvictory.demo.jpa.controller.UserController : listUsers()Response : null
2020-09-24 02:26:28.356  INFO 11181 --- [restartedMain] c.v.d.jpa.SprintBootRestDemoApplication  : Starting SprintBootRestDemoApplication on Vijayaraghavans-MacBook-Air.local with PID 11181 (/Users/vijay/Documents/workspace-sts/SprintBootJPADemo/build/classes/java/main started by vijay in /Users/vijay/Documents/workspace-sts/SprintBootJPADemo)
2020-09-24 02:26:28.359 DEBUG 11181 --- [restartedMain] c.v.d.jpa.SprintBootRestDemoApplication  : Running with Spring Boot v2.3.4.RELEASE, Spring v5.2.9.RELEASE
2020-09-24 02:26:28.359  INFO 11181 --- [restartedMain] c.v.d.jpa.SprintBootRestDemoApplication  : No active profile set, falling back to default profiles: default
2020-09-24 02:26:31.892  INFO 11181 --- [restartedMain] c.v.d.jpa.SprintBootRestDemoApplication  : Started SprintBootRestDemoApplication in 4.102 seconds (JVM running for 4.76)
2020-09-24 02:26:33.599 DEBUG 11181 --- [http-nio-8080-exec-1] c.v.demo.jpa.LoggingAdvice               : class com.vijayforvictory.demo.jpa.controller.UserController : listUsers()arguments : []
2020-09-24 02:26:33.607 DEBUG 11181 --- [http-nio-8080-exec-1] c.v.demo.jpa.LoggingAdvice               : public java.lang.String com.vijayforvictory.demo.jpa.controller.UserController.listUsers()
2020-09-24 02:26:33.616 DEBUG 11181 --- [http-nio-8080-exec-1] c.v.demo.jpa.LoggingAdvice               : class com.vijayforvictory.demo.jpa.service.UserService : getUsers()arguments : []
2020-09-24 02:26:33.623 DEBUG 11181 --- [http-nio-8080-exec-1] c.v.demo.jpa.LoggingAdvice               : class com.sun.proxy.$Proxy103 : findAll()arguments : []
2020-09-24 02:26:33.813 DEBUG 11181 --- [http-nio-8080-exec-1] c.v.demo.jpa.LoggingAdvice               : class com.sun.proxy.$Proxy103 : findAll()Response : [{"id":1,"firstName":"Super Star","surname":"Rajnikanth","location":"India"},{"id":2,"firstName":"James","surname":"Bond","location":"UK"},{"id":3,"firstName":"Maximus","surname":"Decimus Meridius","location":"Spain"},{"id":4,"firstName":"Captain","surname":"America","location":"USA"}]
2020-09-24 02:26:33.816 DEBUG 11181 --- [http-nio-8080-exec-1] c.v.demo.jpa.LoggingAdvice               : class com.vijayforvictory.demo.jpa.service.UserService : getUsers()Response : [{"id":1,"firstName":"Super Star","surname":"Rajnikanth","location":"India"},{"id":2,"firstName":"James","surname":"Bond","location":"UK"},{"id":3,"firstName":"Maximus","surname":"Decimus Meridius","location":"Spain"},{"id":4,"firstName":"Captain","surname":"America","location":"USA"}]
2020-09-24 02:26:33.817  INFO 11181 --- [http-nio-8080-exec-1] c.v.demo.jpa.LoggingAdvice               : Time Taken by execution(String com.vijayforvictory.demo.jpa.controller.UserController.listUsers()) is 210
2020-09-24 02:26:33.819 DEBUG 11181 --- [http-nio-8080-exec-1] c.v.demo.jpa.LoggingAdvice               : class com.vijayforvictory.demo.jpa.controller.UserController : listUsers()Response : "[{\"id\":1,\"firstName\":\"Super Star\",\"surname\":\"Rajnikanth\",\"location\":\"India\"},{\"id\":2,\"firstName\":\"James\",\"surname\":\"Bond\",\"location\":\"UK\"},{\"id\":3,\"firstName\":\"Maximus\",\"surname\":\"Decimus Meridius\",\"location\":\"Spain\"},{\"id\":4,\"firstName\":\"Captain\",\"surname\":\"America\",\"location\":\"USA\"}]"
2020-09-24 02:27:45.646  INFO 11188 --- [restartedMain] c.v.d.jpa.SprintBootRestDemoApplication  : Starting SprintBootRestDemoApplication on Vijayaraghavans-MacBook-Air.local with PID 11188 (/Users/vijay/Documents/workspace-sts/SprintBootJPADemo/build/classes/java/main started by vijay in /Users/vijay/Documents/workspace-sts/SprintBootJPADemo)
2020-09-24 02:27:45.650 DEBUG 11188 --- [restartedMain] c.v.d.jpa.SprintBootRestDemoApplication  : Running with Spring Boot v2.3.4.RELEASE, Spring v5.2.9.RELEASE
2020-09-24 02:27:45.650  INFO 11188 --- [restartedMain] c.v.d.jpa.SprintBootRestDemoApplication  : No active profile set, falling back to default profiles: default
2020-09-24 02:27:49.219  INFO 11188 --- [restartedMain] c.v.d.jpa.SprintBootRestDemoApplication  : Started SprintBootRestDemoApplication in 4.285 seconds (JVM running for 5.122)
2020-09-24 02:27:56.741 DEBUG 11188 --- [http-nio-8080-exec-1] c.v.demo.jpa.LoggingAdvice               : class com.vijayforvictory.demo.jpa.controller.UserController : listUsers()arguments : []
2020-09-24 02:27:56.746 DEBUG 11188 --- [http-nio-8080-exec-1] c.v.demo.jpa.LoggingAdvice               : public java.lang.String com.vijayforvictory.demo.jpa.controller.UserController.listUsers()
2020-09-24 02:27:56.752 DEBUG 11188 --- [http-nio-8080-exec-1] c.v.demo.jpa.LoggingAdvice               : class com.vijayforvictory.demo.jpa.service.UserService : getUsers()arguments : []
2020-09-24 02:27:56.757 DEBUG 11188 --- [http-nio-8080-exec-1] c.v.demo.jpa.LoggingAdvice               : class com.sun.proxy.$Proxy102 : findAll()arguments : []
2020-09-24 02:27:56.923 DEBUG 11188 --- [http-nio-8080-exec-1] c.v.demo.jpa.LoggingAdvice               : class com.sun.proxy.$Proxy102 : findAll()Response : [{"id":1,"firstName":"Super Star","surname":"Rajnikanth","location":"India"},{"id":2,"firstName":"James","surname":"Bond","location":"UK"},{"id":3,"firstName":"Maximus","surname":"Decimus Meridius","location":"Spain"},{"id":4,"firstName":"Captain","surname":"America","location":"USA"}]
2020-09-24 02:27:56.925 DEBUG 11188 --- [http-nio-8080-exec-1] c.v.demo.jpa.LoggingAdvice               : class com.vijayforvictory.demo.jpa.service.UserService : getUsers()Response : [{"id":1,"firstName":"Super Star","surname":"Rajnikanth","location":"India"},{"id":2,"firstName":"James","surname":"Bond","location":"UK"},{"id":3,"firstName":"Maximus","surname":"Decimus Meridius","location":"Spain"},{"id":4,"firstName":"Captain","surname":"America","location":"USA"}]
2020-09-24 02:27:56.926  INFO 11188 --- [http-nio-8080-exec-1] c.v.demo.jpa.LoggingAdvice               : Time Taken by execution(String com.vijayforvictory.demo.jpa.controller.UserController.listUsers()) is 180
2020-09-24 02:27:56.928 DEBUG 11188 --- [http-nio-8080-exec-1] c.v.demo.jpa.LoggingAdvice               : class com.vijayforvictory.demo.jpa.controller.UserController : listUsers()Response : "[{\"id\":1,\"firstName\":\"Super Star\",\"surname\":\"Rajnikanth\",\"location\":\"India\"},{\"id\":2,\"firstName\":\"James\",\"surname\":\"Bond\",\"location\":\"UK\"},{\"id\":3,\"firstName\":\"Maximus\",\"surname\":\"Decimus Meridius\",\"location\":\"Spain\"},{\"id\":4,\"firstName\":\"Captain\",\"surname\":\"America\",\"location\":\"USA\"}]"
2020-09-24 02:27:57.645 DEBUG 11188 --- [http-nio-8080-exec-2] c.v.demo.jpa.LoggingAdvice               : class com.vijayforvictory.demo.jpa.controller.UserController : listUsers()arguments : []
2020-09-24 02:27:57.645 DEBUG 11188 --- [http-nio-8080-exec-2] c.v.demo.jpa.LoggingAdvice               : public java.lang.String com.vijayforvictory.demo.jpa.controller.UserController.listUsers()
2020-09-24 02:27:57.646 DEBUG 11188 --- [http-nio-8080-exec-2] c.v.demo.jpa.LoggingAdvice               : class com.vijayforvictory.demo.jpa.service.UserService : getUsers()arguments : []
2020-09-24 02:27:57.646 DEBUG 11188 --- [http-nio-8080-exec-2] c.v.demo.jpa.LoggingAdvice               : class com.sun.proxy.$Proxy102 : findAll()arguments : []
2020-09-24 02:27:57.650 DEBUG 11188 --- [http-nio-8080-exec-2] c.v.demo.jpa.LoggingAdvice               : class com.sun.proxy.$Proxy102 : findAll()Response : [{"id":1,"firstName":"Super Star","surname":"Rajnikanth","location":"India"},{"id":2,"firstName":"James","surname":"Bond","location":"UK"},{"id":3,"firstName":"Maximus","surname":"Decimus Meridius","location":"Spain"},{"id":4,"firstName":"Captain","surname":"America","location":"USA"}]
2020-09-24 02:27:57.652 DEBUG 11188 --- [http-nio-8080-exec-2] c.v.demo.jpa.LoggingAdvice               : class com.vijayforvictory.demo.jpa.service.UserService : getUsers()Response : [{"id":1,"firstName":"Super Star","surname":"Rajnikanth","location":"India"},{"id":2,"firstName":"James","surname":"Bond","location":"UK"},{"id":3,"firstName":"Maximus","surname":"Decimus Meridius","location":"Spain"},{"id":4,"firstName":"Captain","surname":"America","location":"USA"}]
2020-09-24 02:27:57.653  INFO 11188 --- [http-nio-8080-exec-2] c.v.demo.jpa.LoggingAdvice               : Time Taken by execution(String com.vijayforvictory.demo.jpa.controller.UserController.listUsers()) is 8
2020-09-24 02:27:57.654 DEBUG 11188 --- [http-nio-8080-exec-2] c.v.demo.jpa.LoggingAdvice               : class com.vijayforvictory.demo.jpa.controller.UserController : listUsers()Response : "[{\"id\":1,\"firstName\":\"Super Star\",\"surname\":\"Rajnikanth\",\"location\":\"India\"},{\"id\":2,\"firstName\":\"James\",\"surname\":\"Bond\",\"location\":\"UK\"},{\"id\":3,\"firstName\":\"Maximus\",\"surname\":\"Decimus Meridius\",\"location\":\"Spain\"},{\"id\":4,\"firstName\":\"Captain\",\"surname\":\"America\",\"location\":\"USA\"}]"
2020-09-24 02:28:00.347 DEBUG 11188 --- [http-nio-8080-exec-3] c.v.demo.jpa.LoggingAdvice               : class com.vijayforvictory.demo.jpa.controller.UserController : getById()arguments : [1]
2020-09-24 02:28:00.347 DEBUG 11188 --- [http-nio-8080-exec-3] c.v.demo.jpa.LoggingAdvice               : public java.util.Optional com.vijayforvictory.demo.jpa.controller.UserController.getById(long)
2020-09-24 02:28:00.348 DEBUG 11188 --- [http-nio-8080-exec-3] c.v.demo.jpa.LoggingAdvice               : class com.vijayforvictory.demo.jpa.service.UserService : getUserById()arguments : [1]
2020-09-24 02:28:00.349 DEBUG 11188 --- [http-nio-8080-exec-3] c.v.demo.jpa.LoggingAdvice               : class com.sun.proxy.$Proxy102 : findById()arguments : [1]
2020-09-24 02:28:00.365 DEBUG 11188 --- [http-nio-8080-exec-3] c.v.demo.jpa.LoggingAdvice               : class com.sun.proxy.$Proxy102 : findById()Response : {"empty":false,"present":true}
2020-09-24 02:28:00.366 DEBUG 11188 --- [http-nio-8080-exec-3] c.v.demo.jpa.LoggingAdvice               : class com.vijayforvictory.demo.jpa.service.UserService : getUserById()Response : {"empty":false,"present":true}
2020-09-24 02:28:00.367  INFO 11188 --- [http-nio-8080-exec-3] c.v.demo.jpa.LoggingAdvice               : Time Taken by execution(Optional com.vijayforvictory.demo.jpa.controller.UserController.getById(long)) is 20
2020-09-24 02:28:00.368 DEBUG 11188 --- [http-nio-8080-exec-3] c.v.demo.jpa.LoggingAdvice               : class com.vijayforvictory.demo.jpa.controller.UserController : getById()Response : {"empty":false,"present":true}
2020-09-24 02:34:23.626  INFO 11278 --- [restartedMain] c.v.d.jpa.SprintBootRestDemoApplication  : Starting SprintBootRestDemoApplication on Vijayaraghavans-MacBook-Air.local with PID 11278 (/Users/vijay/Documents/workspace-sts/SprintBootJPADemo/build/classes/java/main started by vijay in /Users/vijay/Documents/workspace-sts/SprintBootJPADemo)
2020-09-24 02:34:23.630 DEBUG 11278 --- [restartedMain] c.v.d.jpa.SprintBootRestDemoApplication  : Running with Spring Boot v2.3.4.RELEASE, Spring v5.2.9.RELEASE
2020-09-24 02:34:23.631  INFO 11278 --- [restartedMain] c.v.d.jpa.SprintBootRestDemoApplication  : No active profile set, falling back to default profiles: default
2020-09-24 02:34:27.458  INFO 11278 --- [restartedMain] c.v.d.jpa.SprintBootRestDemoApplication  : Started SprintBootRestDemoApplication in 4.583 seconds (JVM running for 5.35)
2020-09-24 02:34:33.262 DEBUG 11278 --- [http-nio-8080-exec-1] c.v.demo.jpa.LoggingAdvice               : public java.util.Optional com.vijayforvictory.demo.jpa.controller.UserController.getById(long)
2020-09-24 02:34:33.319  INFO 11278 --- [http-nio-8080-exec-1] c.v.demo.jpa.LoggingAdvice               : Time Taken by execution(Optional com.vijayforvictory.demo.jpa.controller.UserController.getById(long)) is 57 milliseconds
